[10.04.2019 16:24:19] ***START_FUNCTION_MAIN***
[10.04.2019 16:24:19] Load world: Worlds/world/world.struct
[10.04.2019 16:24:19] ***STOP_FUNCTION_MAIN***
[10.04.2019 16:25:09] ***START_FUNCTION_MAIN***
[10.04.2019 16:25:09] Load world: Worlds/world/world.struct
[10.04.2019 16:25:09] ***STOP_FUNCTION_MAIN***
[10.04.2019 16:34:29] ***START_FUNCTION_MAIN***
[10.04.2019 16:34:29] Load world: Worlds/world/world.struct
[10.04.2019 16:34:29] ***STOP_FUNCTION_MAIN***
[10.04.2019 16:35:37] ***START_FUNCTION_MAIN***
[10.04.2019 16:35:37] Load world: Worlds/world/world.struct
[10.04.2019 16:35:37] ***STOP_FUNCTION_MAIN***
[10.04.2019 16:35:51] ***START_FUNCTION_MAIN***
[10.04.2019 16:35:51] Load world: Worlds/world/world.struct
[10.04.2019 16:35:51] ***STOP_FUNCTION_MAIN***
[10.04.2019 16:37:15] ***START_FUNCTION_MAIN***
[10.04.2019 16:37:15] Load world: Worlds/world/world.struct
[10.04.2019 16:37:15] ***STOP_FUNCTION_MAIN***
[10.04.2019 16:55:03] ***START_FUNCTION_MAIN***
[10.04.2019 16:55:03] Load world: Worlds/world/world.struct
[10.04.2019 16:55:03] ***STOP_FUNCTION_MAIN***
[10.04.2019 16:56:32] ***START_FUNCTION_MAIN***
[10.04.2019 16:56:32] Load world: Worlds/world/world.struct
[10.04.2019 16:56:32] ***STOP_FUNCTION_MAIN***
[10.04.2019 21:43:47] ***START_FUNCTION_MAIN***
[10.04.2019 21:43:47] Save world: Worlds/world/world.struct
[10.04.2019 21:43:48] Save world: Worlds/world/Bots/0.list
[10.04.2019 21:43:48] ***STOP_FUNCTION_MAIN***
[10.04.2019 21:44:16] ***START_FUNCTION_MAIN***
[10.04.2019 21:44:17] Save world: Worlds/world/world.struct
[10.04.2019 21:44:17] Save world: Worlds/world/Bots/0.list
[10.04.2019 22:34:59] ***START_FUNCTION_MAIN***
[10.04.2019 22:34:59] Save world: Worlds/world/world.struct
[10.04.2019 22:34:59] Save world: Worlds/world/Bots/0.list
[10.04.2019 22:35:10] ***STOP_FUNCTION_MAIN***
[10.04.2019 22:35:50] ***START_FUNCTION_MAIN***
[10.04.2019 22:35:51] Save world: Worlds/world/world.struct
[10.04.2019 22:35:51] Save world: Worlds/world/Bots/0.list
[10.04.2019 22:36:04] ***STOP_FUNCTION_MAIN***
[10.04.2019 22:40:09] ***START_FUNCTION_MAIN***
[10.04.2019 22:40:10] Save world: Worlds/world/world.struct
[10.04.2019 22:40:10] Save world: Worlds/world/Bots/0.list
[10.04.2019 22:40:18] ***STOP_FUNCTION_MAIN***
[10.04.2019 22:40:31] ***START_FUNCTION_MAIN***
[10.04.2019 22:40:32] Save world: Worlds/world/world.struct
[10.04.2019 22:40:32] Save world: Worlds/world/Bots/0.list
[10.04.2019 22:40:44] ***STOP_FUNCTION_MAIN***
[10.04.2019 22:40:56] ***START_FUNCTION_MAIN***
[10.04.2019 22:40:56] Save world: Worlds/world/world.struct
[10.04.2019 22:40:56] Save world: Worlds/world/Bots/0.list
[10.04.2019 22:41:10] ***STOP_FUNCTION_MAIN***
[10.04.2019 22:42:11] ***START_FUNCTION_MAIN***
[10.04.2019 22:42:11] Save world: Worlds/world/world.struct
[10.04.2019 22:42:11] Save world: Worlds/world/Bots/0.list
[10.04.2019 22:44:29] ***START_FUNCTION_MAIN***
[10.04.2019 22:44:30] Save world: Worlds/world/world.struct
[10.04.2019 22:44:30] Save world: Worlds/world/Bots/0.list
[10.04.2019 22:44:51] ***START_FUNCTION_MAIN***
[10.04.2019 22:44:51] Save world: Worlds/world/world.struct
[10.04.2019 22:44:51] Save world: Worlds/world/Bots/0.list
[10.04.2019 22:45:12] ***START_FUNCTION_MAIN***
[10.04.2019 22:45:12] Save world: Worlds/world/world.struct
[10.04.2019 22:45:12] Save world: Worlds/world/Bots/0.list
[10.04.2019 22:48:10] ***START_FUNCTION_MAIN***
[10.04.2019 22:48:11] Save world: Worlds/world/world.struct
[10.04.2019 22:48:11] Save world: Worlds/world/Bots/0.list
[10.04.2019 22:48:22] ***STOP_FUNCTION_MAIN***
[10.04.2019 22:53:46] ***START_FUNCTION_MAIN***
[10.04.2019 22:53:46] Save world: Worlds/world/world.struct
[10.04.2019 22:53:46] Save world: Worlds/world/Bots/0.list
[10.04.2019 22:53:52] ***STOP_FUNCTION_MAIN***
