[08.04.2019 19:42:57] ***START_FUNCTION_MAIN***
[08.04.2019 19:42:57] test 1
[08.04.2019 19:42:57] test 2
[08.04.2019 19:42:57] test 2
[08.04.2019 19:42:57] test 2
[08.04.2019 19:42:57] test 2
[08.04.2019 19:42:57] test 1
[08.04.2019 19:42:57] test 3
[08.04.2019 19:42:57] test 3
[08.04.2019 19:42:57] test 1
[08.04.2019 19:42:57] test 2
[08.04.2019 19:42:57] test 2
[08.04.2019 19:42:57] test 1
[08.04.2019 19:42:57] test 3
[08.04.2019 19:42:57] test 3
[08.04.2019 19:42:57] test 1
[08.04.2019 19:42:57] test 2
[08.04.2019 19:42:57] test 2
[08.04.2019 19:42:57] test 1
[08.04.2019 19:42:57] test 1
[08.04.2019 19:42:57] test 2
[08.04.2019 19:42:57] test 2
[08.04.2019 19:42:57] test 1
[08.04.2019 19:42:57] test 1
[08.04.2019 19:42:57] test 1
[08.04.2019 19:42:57] test 3
[08.04.2019 19:42:57] test 3
[08.04.2019 19:42:57] test 3
[08.04.2019 19:42:57] test 3
[08.04.2019 19:42:57] Save world: Worlds/world/world.struct
[08.04.2019 19:42:57] test 3
[08.04.2019 19:42:57] test 3
[08.04.2019 19:42:57] Save world: Worlds/world/Bots/0.list
[08.04.2019 19:42:57] ***STOP_FUNCTION_MAIN***
[08.04.2019 19:46:31] ***START_FUNCTION_MAIN***
[08.04.2019 19:46:31] test 2
[08.04.2019 19:46:31] test 1
[08.04.2019 19:46:31] test 3
[08.04.2019 19:46:31] test 2
[08.04.2019 19:46:31] test 1
[08.04.2019 19:46:31] test 3
[08.04.2019 19:46:31] test 2
[08.04.2019 19:46:31] test 1
[08.04.2019 19:46:31] test 3
[08.04.2019 19:46:31] test 2
[08.04.2019 19:46:31] test 1
[08.04.2019 19:46:31] test 3
[08.04.2019 19:46:31] test 2
[08.04.2019 19:46:31] test 1
[08.04.2019 19:46:31] test 3
[08.04.2019 19:46:31] test 2
[08.04.2019 19:46:31] test 1
[08.04.2019 19:46:31] test 3
[08.04.2019 19:46:31] test 2
[08.04.2019 19:46:31] test 1
[08.04.2019 19:46:31] test 1
[08.04.2019 19:46:31] test 1
[08.04.2019 19:46:31] test 3
[08.04.2019 19:46:31] test 2
[08.04.2019 19:46:31] test 1
[08.04.2019 19:46:31] test 3
[08.04.2019 19:46:31] test 2
[08.04.2019 19:46:31] test 3
[08.04.2019 19:46:31] test 2
[08.04.2019 19:46:31] test 3
[08.04.2019 19:46:31] Save world: Worlds/world/world.struct
[08.04.2019 19:46:31] Save world: Worlds/world/Bots/0.list
[08.04.2019 19:46:31] ***STOP_FUNCTION_MAIN***
[08.04.2019 19:48:33] ***START_FUNCTION_MAIN***
[08.04.2019 19:48:33] test 1
[08.04.2019 19:48:33] test 2
[08.04.2019 19:48:33] test 2
[08.04.2019 19:48:33] test 1
[08.04.2019 19:48:33] test 3
[08.04.2019 19:48:33] test 3
[08.04.2019 19:48:33] test 1
[08.04.2019 19:48:33] test 2
[08.04.2019 19:48:33] test 2
[08.04.2019 19:48:33] test 1
[08.04.2019 19:48:33] test 3
[08.04.2019 19:48:33] test 3
[08.04.2019 19:48:33] test 1
[08.04.2019 19:48:33] test 2
[08.04.2019 19:48:33] test 2
[08.04.2019 19:48:33] test 1
[08.04.2019 19:48:33] test 3
[08.04.2019 19:48:33] test 3
[08.04.2019 19:48:33] test 1
[08.04.2019 19:48:33] test 2
[08.04.2019 19:48:33] test 2
[08.04.2019 19:48:33] test 1
[08.04.2019 19:48:33] test 3
[08.04.2019 19:48:33] test 2
[08.04.2019 19:48:33] test 1
[08.04.2019 19:48:33] test 3
[08.04.2019 19:48:33] test 3
[08.04.2019 19:48:33] test 2
[08.04.2019 19:48:33] test 3
[08.04.2019 19:48:33] test 1
[08.04.2019 19:48:33] Load world: Worlds/world/world.struct
[08.04.2019 19:48:33] ***STOP_FUNCTION_MAIN***
[08.04.2019 19:52:52] ***START_FUNCTION_MAIN***
[08.04.2019 19:52:52] test 1
[08.04.2019 19:52:52] test 2
[08.04.2019 19:52:52] test 3
[08.04.2019 19:52:52] test 1
[08.04.2019 19:52:52] test 2
[08.04.2019 19:52:52] test 3
[08.04.2019 19:52:52] test 1
[08.04.2019 19:52:52] test 2
[08.04.2019 19:52:52] test 3
[08.04.2019 19:52:52] test 1
[08.04.2019 19:52:52] test 2
[08.04.2019 19:52:52] test 3
[08.04.2019 19:52:52] test 1
[08.04.2019 19:52:52] test 2
[08.04.2019 19:52:52] test 3
[08.04.2019 19:52:52] test 1
[08.04.2019 19:52:52] test 2
[08.04.2019 19:52:52] test 3
[08.04.2019 19:52:52] test 1
[08.04.2019 19:52:52] test 2
[08.04.2019 19:52:52] test 3
[08.04.2019 19:52:52] test 1
[08.04.2019 19:52:52] test 2
[08.04.2019 19:52:52] test 3
[08.04.2019 19:52:52] test 1
[08.04.2019 19:52:52] test 1
[08.04.2019 19:52:52] test 2
[08.04.2019 19:52:52] test 3
[08.04.2019 19:52:52] test 3
[08.04.2019 19:52:52] test 2
[08.04.2019 19:52:52] Save world: Worlds/world/world.struct
[08.04.2019 19:52:52] Save world: Worlds/world/Bots/0.list
[08.04.2019 19:52:52] ***STOP_FUNCTION_MAIN***
[08.04.2019 19:57:56] ***START_FUNCTION_MAIN***
[08.04.2019 19:57:56] test 1
[08.04.2019 19:57:56] test 2
[08.04.2019 19:57:56] test 3
[08.04.2019 19:57:56] test 1
[08.04.2019 19:57:56] test 2
[08.04.2019 19:57:56] test 3
[08.04.2019 19:57:56] test 1
[08.04.2019 19:57:56] test 2
[08.04.2019 19:57:56] test 3
[08.04.2019 19:57:57] test 1
[08.04.2019 19:57:57] test 2
[08.04.2019 19:57:57] test 3
[08.04.2019 19:57:57] test 1
[08.04.2019 19:57:57] test 2
[08.04.2019 19:57:57] test 3
[08.04.2019 19:57:57] test 1
[08.04.2019 19:57:57] test 2
[08.04.2019 19:57:57] test 3
[08.04.2019 19:57:57] test 1
[08.04.2019 19:57:57] test 2
[08.04.2019 19:57:57] test 3
[08.04.2019 19:57:57] test 1
[08.04.2019 19:57:57] test 2
[08.04.2019 19:57:57] test 3
[08.04.2019 19:57:57] test 1
[08.04.2019 19:57:57] test 1
[08.04.2019 19:57:57] test 3
[08.04.2019 19:57:57] test 3
[08.04.2019 19:57:57] test 2
[08.04.2019 19:57:57] test 2
[08.04.2019 19:57:57] Save world: Worlds/world/world.struct
[08.04.2019 19:57:57] Save world: Worlds/world/Bots/0.list
[08.04.2019 19:57:57] ***STOP_FUNCTION_MAIN***
[08.04.2019 20:00:00] ***START_FUNCTION_MAIN***
[08.04.2019 20:00:00] test 2
[08.04.2019 20:00:00] test 1
[08.04.2019 20:00:00] test 3
[08.04.2019 20:00:00] test 2
[08.04.2019 20:00:00] test 1
[08.04.2019 20:00:00] test 3
[08.04.2019 20:00:00] test 3
[08.04.2019 20:00:00] test 1
[08.04.2019 20:00:00] test 2
[08.04.2019 20:00:00] test 3
[08.04.2019 20:00:00] test 1
[08.04.2019 20:00:00] test 2
[08.04.2019 20:00:00] test 3
[08.04.2019 20:00:00] test 1
[08.04.2019 20:00:00] test 2
[08.04.2019 20:00:00] test 3
[08.04.2019 20:00:00] test 1
[08.04.2019 20:00:00] test 2
[08.04.2019 20:00:00] test 3
[08.04.2019 20:00:00] test 1
[08.04.2019 20:00:00] test 2
[08.04.2019 20:00:00] test 3
[08.04.2019 20:00:00] test 3
[08.04.2019 20:00:00] test 2
[08.04.2019 20:00:00] test 1
[08.04.2019 20:00:00] test 3
[08.04.2019 20:00:00] test 2
[08.04.2019 20:00:00] test 1
[08.04.2019 20:00:00] test 1
[08.04.2019 20:00:00] test 2
[08.04.2019 20:00:00] Save world: Worlds/world/world.struct
[08.04.2019 20:00:00] Save world: Worlds/world/Bots/0.list
[08.04.2019 20:00:00] ***STOP_FUNCTION_MAIN***
[08.04.2019 20:02:31] ***START_FUNCTION_MAIN***
[08.04.2019 20:02:31] test 1
[08.04.2019 20:02:31] test 2
[08.04.2019 20:02:31] test 2
[08.04.2019 20:02:31] test 1
[08.04.2019 20:02:31] test 3
[08.04.2019 20:02:31] test 3
[08.04.2019 20:02:31] test 1
[08.04.2019 20:02:31] test 2
[08.04.2019 20:02:31] test 2
[08.04.2019 20:02:31] test 2
[08.04.2019 20:02:31] test 2
[08.04.2019 20:02:31] test 1
[08.04.2019 20:02:31] test 3
[08.04.2019 20:02:31] test 3
[08.04.2019 20:02:31] test 1
[08.04.2019 20:02:31] test 2
[08.04.2019 20:02:31] test 2
[08.04.2019 20:02:31] test 1
[08.04.2019 20:02:31] test 3
[08.04.2019 20:02:31] test 3
[08.04.2019 20:02:31] test 1
[08.04.2019 20:02:31] test 2
[08.04.2019 20:02:31] test 2
[08.04.2019 20:02:31] Load world: Worlds/world/world.struct
[08.04.2019 20:02:31] test 3
[08.04.2019 20:02:31] ***STOP_FUNCTION_MAIN***
[08.04.2019 20:02:31] test 3
[08.04.2019 20:02:31] test 3
[08.04.2019 20:02:31] test 1
[08.04.2019 20:02:31] test 3
[08.04.2019 20:02:31] test 1
[08.04.2019 20:02:31] test 1
[08.04.2019 20:05:33] ***START_FUNCTION_MAIN***
[08.04.2019 20:05:33] test 1
[08.04.2019 20:05:33] test 2
[08.04.2019 20:05:33] test 3
[08.04.2019 20:05:33] test 1
[08.04.2019 20:05:33] test 2
[08.04.2019 20:05:33] test 3
[08.04.2019 20:05:33] test 1
[08.04.2019 20:05:33] test 2
[08.04.2019 20:05:33] test 3
[08.04.2019 20:05:33] test 1
[08.04.2019 20:05:33] test 2
[08.04.2019 20:05:33] test 3
[08.04.2019 20:05:33] test 1
[08.04.2019 20:05:33] test 2
[08.04.2019 20:05:33] test 3
[08.04.2019 20:05:33] test 1
[08.04.2019 20:05:33] test 2
[08.04.2019 20:05:33] test 3
[08.04.2019 20:05:33] test 1
[08.04.2019 20:05:33] test 2
[08.04.2019 20:05:33] test 3
[08.04.2019 20:05:33] test 3
[08.04.2019 20:05:33] test 3
[08.04.2019 20:05:33] test 3
[08.04.2019 20:05:33] test 2
[08.04.2019 20:05:33] test 1
[08.04.2019 20:05:33] test 1
[08.04.2019 20:05:33] test 2
[08.04.2019 20:05:33] test 2
[08.04.2019 20:05:33] test 1
[08.04.2019 20:05:33] Load world: Worlds/world/world.struct
[08.04.2019 20:05:33] ***STOP_FUNCTION_MAIN***
[08.04.2019 20:06:05] ***START_FUNCTION_MAIN***
[08.04.2019 20:06:05] test 1
[08.04.2019 20:06:05] test 2
[08.04.2019 20:06:05] test 2
[08.04.2019 20:06:05] test 1
[08.04.2019 20:06:05] test 3
[08.04.2019 20:06:05] test 3
[08.04.2019 20:06:05] test 3
[08.04.2019 20:06:05] test 3
[08.04.2019 20:06:05] test 1
[08.04.2019 20:06:06] test 2
[08.04.2019 20:06:06] test 2
[08.04.2019 20:06:06] test 1
[08.04.2019 20:06:06] test 3
[08.04.2019 20:06:06] test 3
[08.04.2019 20:06:06] test 1
[08.04.2019 20:06:06] test 2
[08.04.2019 20:06:06] test 2
[08.04.2019 20:06:06] test 1
[08.04.2019 20:06:06] test 3
[08.04.2019 20:06:06] test 3
[08.04.2019 20:06:06] test 1
[08.04.2019 20:06:06] test 2
[08.04.2019 20:06:06] test 2
[08.04.2019 20:06:06] test 1
[08.04.2019 20:06:06] test 1
[08.04.2019 20:06:06] test 2
[08.04.2019 20:06:06] test 3
[08.04.2019 20:06:06] test 1
[08.04.2019 20:06:06] test 2
[08.04.2019 20:06:06] test 3
[08.04.2019 20:06:06] Load world: Worlds/world/world.struct
[08.04.2019 20:06:06] ***STOP_FUNCTION_MAIN***
[08.04.2019 20:08:25] ***START_FUNCTION_MAIN***
[08.04.2019 20:08:25] test 1
[08.04.2019 20:08:25] test 2
[08.04.2019 20:08:25] test 2
[08.04.2019 20:08:25] test 1
[08.04.2019 20:08:25] test 3
[08.04.2019 20:08:25] test 3
[08.04.2019 20:08:25] test 1
[08.04.2019 20:08:25] test 2
[08.04.2019 20:08:25] test 2
[08.04.2019 20:08:25] test 1
[08.04.2019 20:08:25] test 3
[08.04.2019 20:08:25] test 3
[08.04.2019 20:08:25] test 1
[08.04.2019 20:08:25] test 2
[08.04.2019 20:08:25] test 2
[08.04.2019 20:08:25] test 1
[08.04.2019 20:08:25] test 3
[08.04.2019 20:08:25] test 3
[08.04.2019 20:08:25] test 1
[08.04.2019 20:08:25] test 2
[08.04.2019 20:08:25] test 2
[08.04.2019 20:08:25] test 2
[08.04.2019 20:08:25] test 2
[08.04.2019 20:08:25] test 1
[08.04.2019 20:08:25] test 3
[08.04.2019 20:08:25] test 1
[08.04.2019 20:08:25] test 3
[08.04.2019 20:08:25] test 1
[08.04.2019 20:08:25] test 3
[08.04.2019 20:08:25] Load world: Worlds/world/world.struct
[08.04.2019 20:08:25] test 3
[08.04.2019 20:08:25] ***STOP_FUNCTION_MAIN***
[08.04.2019 20:10:05] ***START_FUNCTION_MAIN***
[08.04.2019 20:10:05] test 1
[08.04.2019 20:10:05] test 2
[08.04.2019 20:10:05] test 2
[08.04.2019 20:10:05] test 1
[08.04.2019 20:10:05] test 3
[08.04.2019 20:10:05] test 3
[08.04.2019 20:10:05] test 1
[08.04.2019 20:10:05] test 2
[08.04.2019 20:10:05] test 2
[08.04.2019 20:10:05] test 1
[08.04.2019 20:10:05] test 3
[08.04.2019 20:10:05] test 3
[08.04.2019 20:10:05] test 1
[08.04.2019 20:10:05] test 2
[08.04.2019 20:10:05] test 2
[08.04.2019 20:10:05] test 1
[08.04.2019 20:10:05] test 3
[08.04.2019 20:10:05] test 3
[08.04.2019 20:10:05] test 1
[08.04.2019 20:10:05] test 2
[08.04.2019 20:10:05] test 2
[08.04.2019 20:10:05] test 1
[08.04.2019 20:10:05] test 3
[08.04.2019 20:10:05] test 3
[08.04.2019 20:10:05] test 1
[08.04.2019 20:10:05] test 2
[08.04.2019 20:10:05] test 2
[08.04.2019 20:10:05] test 1
[08.04.2019 20:10:05] test 3
[08.04.2019 20:10:05] Load world: Worlds/world/world.struct
[08.04.2019 20:10:05] test 3
[08.04.2019 20:10:05] ***STOP_FUNCTION_MAIN***
[08.04.2019 20:10:37] ***START_FUNCTION_MAIN***
[08.04.2019 20:10:37] Load world: Worlds/world/world.struct
[08.04.2019 20:10:37] test 2
[08.04.2019 20:10:37] test 1
[08.04.2019 20:10:37] ***STOP_FUNCTION_MAIN***
[08.04.2019 20:10:37] test 2
[08.04.2019 20:10:37] test 1
[08.04.2019 20:10:37] test 2
[08.04.2019 20:10:37] test 1
[08.04.2019 20:10:37] test 2
[08.04.2019 20:10:37] test 1
[08.04.2019 20:10:37] test 2
[08.04.2019 20:10:37] test 1
[08.04.2019 20:10:37] test 2
[08.04.2019 20:10:37] test 1
[08.04.2019 20:10:37] test 1
[08.04.2019 20:10:37] test 2
[08.04.2019 20:10:37] test 1
[08.04.2019 20:10:37] test 2
[08.04.2019 20:10:37] test 1
[08.04.2019 20:10:37] test 2
[08.04.2019 20:10:37] test 1
[08.04.2019 20:10:37] test 2
[08.04.2019 20:10:37] test 3
[08.04.2019 20:10:37] test 3
[08.04.2019 20:10:37] test 3
[08.04.2019 20:10:37] test 3
[08.04.2019 20:10:37] test 3
[08.04.2019 20:10:37] test 3
[08.04.2019 20:10:37] test 3
[08.04.2019 20:10:37] test 3
[08.04.2019 20:10:37] test 3
[08.04.2019 20:10:37] test 3
[08.04.2019 20:11:09] ***START_FUNCTION_MAIN***
[08.04.2019 20:11:09] Load world: Worlds/world/world.struct
[08.04.2019 20:11:09] test 2
[08.04.2019 20:11:09] test 1
[08.04.2019 20:11:09] ***STOP_FUNCTION_MAIN***
[08.04.2019 20:11:09] test 2
[08.04.2019 20:11:09] test 1
[08.04.2019 20:11:09] test 2
[08.04.2019 20:11:09] test 1
[08.04.2019 20:11:09] test 2
[08.04.2019 20:11:09] test 1
[08.04.2019 20:11:09] test 2
[08.04.2019 20:11:09] test 1
[08.04.2019 20:11:09] test 2
[08.04.2019 20:11:09] test 1
[08.04.2019 20:11:09] test 2
[08.04.2019 20:11:09] test 1
[08.04.2019 20:11:09] test 2
[08.04.2019 20:11:09] test 1
[08.04.2019 20:11:09] test 2
[08.04.2019 20:11:09] test 1
[08.04.2019 20:11:09] test 2
[08.04.2019 20:11:09] test 1
[08.04.2019 20:11:09] test 3
[08.04.2019 20:11:09] test 3
[08.04.2019 20:11:09] test 3
[08.04.2019 20:11:09] test 3
[08.04.2019 20:11:09] test 3
[08.04.2019 20:11:09] test 3
[08.04.2019 20:11:09] test 3
[08.04.2019 20:11:09] test 3
[08.04.2019 20:11:09] test 3
[08.04.2019 20:11:09] test 3
[08.04.2019 20:11:43] ***START_FUNCTION_MAIN***
[08.04.2019 20:11:43] test 1
[08.04.2019 20:11:43] test 2
[08.04.2019 20:11:43] test 3
[08.04.2019 20:11:43] test 1
[08.04.2019 20:11:43] test 2
[08.04.2019 20:11:43] test 3
[08.04.2019 20:11:43] test 1
[08.04.2019 20:11:43] test 2
[08.04.2019 20:11:43] test 3
[08.04.2019 20:11:43] test 3
[08.04.2019 20:11:43] test 2
[08.04.2019 20:11:43] test 1
[08.04.2019 20:11:43] test 3
[08.04.2019 20:11:43] test 2
[08.04.2019 20:11:43] test 1
[08.04.2019 20:11:43] test 3
[08.04.2019 20:11:43] test 2
[08.04.2019 20:11:43] test 1
[08.04.2019 20:11:43] test 3
[08.04.2019 20:11:43] test 2
[08.04.2019 20:11:43] test 1
[08.04.2019 20:11:43] test 3
[08.04.2019 20:11:43] test 2
[08.04.2019 20:11:43] test 1
[08.04.2019 20:11:43] test 3
[08.04.2019 20:11:43] test 2
[08.04.2019 20:11:43] test 1
[08.04.2019 20:11:43] test 1
[08.04.2019 20:11:43] test 2
[08.04.2019 20:11:43] test 3
[08.04.2019 20:11:43] Load world: Worlds/world/world.struct
[08.04.2019 20:11:43] ***STOP_FUNCTION_MAIN***
[08.04.2019 20:14:56] ***START_FUNCTION_MAIN***
[08.04.2019 20:14:56] test 1
[08.04.2019 20:14:56] test 2
[08.04.2019 20:14:56] test 2
[08.04.2019 20:14:56] test 1
[08.04.2019 20:14:56] test 3
[08.04.2019 20:14:56] test 3
[08.04.2019 20:14:56] test 1
[08.04.2019 20:14:56] test 2
[08.04.2019 20:14:56] test 2
[08.04.2019 20:14:56] test 1
[08.04.2019 20:14:56] test 3
[08.04.2019 20:14:56] test 3
[08.04.2019 20:14:56] test 1
[08.04.2019 20:14:56] test 2
[08.04.2019 20:14:56] test 2
[08.04.2019 20:14:56] test 1
[08.04.2019 20:14:56] Save world: Worlds/world/world.struct
[08.04.2019 20:14:56] test 2
[08.04.2019 20:14:56] test 2
[08.04.2019 20:14:56] Save world: Worlds/world/Bots/0.list
[08.04.2019 20:14:56] test 3
[08.04.2019 20:14:56] test 3
[08.04.2019 20:14:56] test 3
[08.04.2019 20:14:56] ***STOP_FUNCTION_MAIN***
[08.04.2019 20:14:56] test 2
[08.04.2019 20:14:56] test 3
[08.04.2019 20:14:56] test 2
[08.04.2019 20:14:56] test 1
[08.04.2019 20:14:56] test 3
[08.04.2019 20:14:56] test 1
[08.04.2019 20:14:56] test 1
[08.04.2019 20:14:56] test 3
[08.04.2019 20:14:56] test 1
[08.04.2019 20:32:05] ***START_FUNCTION_MAIN***
[08.04.2019 20:32:05] test 1
[08.04.2019 20:32:05] test 2
[08.04.2019 20:32:05] test 2
[08.04.2019 20:32:05] test 1
[08.04.2019 20:32:05] test 3
[08.04.2019 20:32:05] test 3
[08.04.2019 20:32:05] test 1
[08.04.2019 20:32:05] test 2
[08.04.2019 20:32:05] test 2
[08.04.2019 20:32:05] test 1
[08.04.2019 20:32:05] test 3
[08.04.2019 20:32:05] test 3
[08.04.2019 20:32:05] test 1
[08.04.2019 20:32:05] test 2
[08.04.2019 20:32:05] test 2
[08.04.2019 20:32:05] test 1
[08.04.2019 20:32:05] test 3
[08.04.2019 20:32:05] test 3
[08.04.2019 20:32:05] test 3
[08.04.2019 20:32:05] test 3
[08.04.2019 20:32:05] test 1
[08.04.2019 20:32:05] test 1
[08.04.2019 20:32:05] test 3
[08.04.2019 20:32:05] test 2
[08.04.2019 20:32:05] test 1
[08.04.2019 20:32:05] test 3
[08.04.2019 20:32:05] test 2
[08.04.2019 20:32:05] test 2
[08.04.2019 20:32:05] test 1
[08.04.2019 20:32:05] test 2
[08.04.2019 20:32:05] Save world: Worlds/world/world.struct
[08.04.2019 20:32:05] Save world: Worlds/world/Bots/0.list
[08.04.2019 20:32:05] ***STOP_FUNCTION_MAIN***
[08.04.2019 20:32:55] ***START_FUNCTION_MAIN***
[08.04.2019 20:32:55] test 1
[08.04.2019 20:32:55] test 2
[08.04.2019 20:32:55] test 2
[08.04.2019 20:32:55] test 1
[08.04.2019 20:32:55] test 3
[08.04.2019 20:32:55] test 3
[08.04.2019 20:32:55] test 1
[08.04.2019 20:32:55] test 2
[08.04.2019 20:32:55] test 2
[08.04.2019 20:32:55] test 1
[08.04.2019 20:32:55] test 3
[08.04.2019 20:32:55] test 3
[08.04.2019 20:32:55] test 3
[08.04.2019 20:32:55] test 3
[08.04.2019 20:32:55] test 1
[08.04.2019 20:32:55] test 2
[08.04.2019 20:32:55] test 2
[08.04.2019 20:32:55] test 1
[08.04.2019 20:32:55] test 3
[08.04.2019 20:32:55] test 3
[08.04.2019 20:32:55] test 1
[08.04.2019 20:32:55] test 2
[08.04.2019 20:32:55] test 2
[08.04.2019 20:32:55] test 2
[08.04.2019 20:32:55] test 2
[08.04.2019 20:32:55] test 1
[08.04.2019 20:32:55] test 3
[08.04.2019 20:32:55] test 3
[08.04.2019 20:32:55] test 1
[08.04.2019 20:32:55] test 1
[08.04.2019 20:32:55] Save world: Worlds/world/world.struct
[08.04.2019 20:32:55] Save world: Worlds/world/Bots/0.list
[08.04.2019 20:32:55] ***STOP_FUNCTION_MAIN***
[08.04.2019 20:33:53] ***START_FUNCTION_MAIN***
[08.04.2019 20:33:53] test 1
[08.04.2019 20:33:53] test 2
[08.04.2019 20:33:53] test 2
[08.04.2019 20:33:53] test 1
[08.04.2019 20:33:53] test 3
[08.04.2019 20:33:53] test 3
[08.04.2019 20:33:53] test 1
[08.04.2019 20:33:53] test 2
[08.04.2019 20:33:53] test 2
[08.04.2019 20:33:53] test 1
[08.04.2019 20:33:53] test 3
[08.04.2019 20:33:53] test 3
[08.04.2019 20:33:53] test 1
[08.04.2019 20:33:53] test 2
[08.04.2019 20:33:54] test 2
[08.04.2019 20:33:54] test 1
[08.04.2019 20:33:54] test 3
[08.04.2019 20:33:54] test 3
[08.04.2019 20:33:54] test 1
[08.04.2019 20:33:54] test 2
[08.04.2019 20:33:54] test 2
[08.04.2019 20:33:54] test 1
[08.04.2019 20:33:54] test 3
[08.04.2019 20:33:54] test 3
[08.04.2019 20:33:54] test 1
[08.04.2019 20:33:54] test 2
[08.04.2019 20:33:54] test 3
[08.04.2019 20:33:54] test 1
[08.04.2019 20:33:54] test 2
[08.04.2019 20:33:54] test 3
[08.04.2019 20:33:54] Save world: Worlds/world/world.struct
[08.04.2019 20:33:54] Save world: Worlds/world/Bots/0.list
[08.04.2019 20:33:54] ***STOP_FUNCTION_MAIN***
[08.04.2019 20:37:57] ***START_FUNCTION_MAIN***
[08.04.2019 20:37:57] test 1
[08.04.2019 20:37:57] test 2
[08.04.2019 20:37:57] test 2
[08.04.2019 20:37:57] test 1
[08.04.2019 20:37:57] test 3
[08.04.2019 20:37:57] test 3
[08.04.2019 20:37:57] test 1
[08.04.2019 20:37:57] test 2
[08.04.2019 20:37:57] test 2
[08.04.2019 20:37:57] test 1
[08.04.2019 20:37:57] test 3
[08.04.2019 20:37:57] test 3
[08.04.2019 20:37:57] test 1
[08.04.2019 20:37:57] test 2
[08.04.2019 20:37:57] test 2
[08.04.2019 20:37:57] test 1
[08.04.2019 20:37:57] test 3
[08.04.2019 20:37:57] test 3
[08.04.2019 20:37:57] test 1
[08.04.2019 20:37:57] test 2
[08.04.2019 20:37:57] test 2
[08.04.2019 20:37:57] test 1
[08.04.2019 20:37:57] test 1
[08.04.2019 20:37:57] test 2
[08.04.2019 20:37:57] test 2
[08.04.2019 20:37:57] test 1
[08.04.2019 20:37:57] test 3
[08.04.2019 20:37:57] Save world: Worlds/world/world.struct
[08.04.2019 20:37:57] test 3
[08.04.2019 20:37:57] test 3
[08.04.2019 20:37:57] Save world: Worlds/world/Bots/0.list
[08.04.2019 20:37:57] test 3
[08.04.2019 20:37:57] ***STOP_FUNCTION_MAIN***
[08.04.2019 20:40:38] ***START_FUNCTION_MAIN***
[08.04.2019 20:40:38] test 1
[08.04.2019 20:40:38] test 2
[08.04.2019 20:40:38] test 2
[08.04.2019 20:40:38] test 1
[08.04.2019 20:40:38] test 3
[08.04.2019 20:40:38] test 3
[08.04.2019 20:40:38] test 1
[08.04.2019 20:40:38] test 2
[08.04.2019 20:40:38] test 2
[08.04.2019 20:40:38] test 1
[08.04.2019 20:40:38] test 3
[08.04.2019 20:40:38] test 3
[08.04.2019 20:40:38] test 1
[08.04.2019 20:40:38] test 2
[08.04.2019 20:40:38] test 2
[08.04.2019 20:40:38] test 1
[08.04.2019 20:40:38] test 3
[08.04.2019 20:40:38] test 3
[08.04.2019 20:40:38] test 1
[08.04.2019 20:40:38] test 2
[08.04.2019 20:40:38] test 2
[08.04.2019 20:40:38] test 1
[08.04.2019 20:40:38] test 3
[08.04.2019 20:40:38] test 3
[08.04.2019 20:40:38] test 1
[08.04.2019 20:40:38] test 2
[08.04.2019 20:40:38] test 2
[08.04.2019 20:40:38] test 1
[08.04.2019 20:40:38] test 3
[08.04.2019 20:40:38] test 3
[08.04.2019 20:40:38] Save world: Worlds/world/world.struct
[08.04.2019 20:40:38] Save world: Worlds/world/Bots/0.list
[08.04.2019 20:40:38] ***STOP_FUNCTION_MAIN***
[08.04.2019 20:41:13] ***START_FUNCTION_MAIN***
[08.04.2019 20:41:13] test 1
[08.04.2019 20:41:13] test 2
[08.04.2019 20:41:13] test 2
[08.04.2019 20:41:13] test 1
[08.04.2019 20:41:13] test 3
[08.04.2019 20:41:13] test 3
[08.04.2019 20:41:13] test 1
[08.04.2019 20:41:13] test 2
[08.04.2019 20:41:13] test 2
[08.04.2019 20:41:13] test 1
[08.04.2019 20:41:13] test 3
[08.04.2019 20:41:13] test 3
[08.04.2019 20:41:13] test 1
[08.04.2019 20:41:13] test 2
[08.04.2019 20:41:13] test 2
[08.04.2019 20:41:13] test 1
[08.04.2019 20:41:13] test 3
[08.04.2019 20:41:13] test 3
[08.04.2019 20:41:13] test 1
[08.04.2019 20:41:13] test 2
[08.04.2019 20:41:13] test 2
[08.04.2019 20:41:13] test 2
[08.04.2019 20:41:13] test 2
[08.04.2019 20:41:13] test 1
[08.04.2019 20:41:13] test 3
[08.04.2019 20:41:13] test 1
[08.04.2019 20:41:13] test 3
[08.04.2019 20:41:13] test 3
[08.04.2019 20:41:13] test 1
[08.04.2019 20:41:13] test 3
[08.04.2019 20:41:13] Save world: Worlds/world/world.struct
[08.04.2019 20:41:13] Save world: Worlds/world/Bots/0.list
[08.04.2019 20:41:13] ***STOP_FUNCTION_MAIN***
[08.04.2019 20:44:43] ***START_FUNCTION_MAIN***
[08.04.2019 20:44:43] test 1
[08.04.2019 20:44:43] test 2
[08.04.2019 20:44:43] test 2
[08.04.2019 20:44:43] test 1
[08.04.2019 20:44:43] test 3
[08.04.2019 20:44:43] test 3
[08.04.2019 20:44:43] test 1
[08.04.2019 20:44:44] test 2
[08.04.2019 20:44:44] test 2
[08.04.2019 20:44:44] test 1
[08.04.2019 20:44:44] test 3
[08.04.2019 20:44:44] test 3
[08.04.2019 20:44:44] test 1
[08.04.2019 20:44:44] test 2
[08.04.2019 20:44:44] test 2
[08.04.2019 20:44:44] test 1
[08.04.2019 20:44:44] test 3
[08.04.2019 20:44:44] test 3
[08.04.2019 20:44:44] test 1
[08.04.2019 20:44:44] test 2
[08.04.2019 20:44:44] test 2
[08.04.2019 20:44:44] test 1
[08.04.2019 20:44:44] test 1
[08.04.2019 20:44:44] test 2
[08.04.2019 20:44:44] test 2
[08.04.2019 20:44:44] test 1
[08.04.2019 20:44:44] test 3
[08.04.2019 20:44:44] test 3
[08.04.2019 20:44:44] test 3
[08.04.2019 20:44:44] test 3
[08.04.2019 20:44:44] Save world: Worlds/world/world.struct
[08.04.2019 20:44:44] Save world: Worlds/world/Bots/0.list
[08.04.2019 20:44:44] ***STOP_FUNCTION_MAIN***
[08.04.2019 20:46:14] ***START_FUNCTION_MAIN***
[08.04.2019 20:46:14] test 1
[08.04.2019 20:46:14] test 2
[08.04.2019 20:46:14] test 2
[08.04.2019 20:46:14] test 1
[08.04.2019 20:46:14] test 3
[08.04.2019 20:46:14] test 3
[08.04.2019 20:46:14] test 1
[08.04.2019 20:46:14] test 2
[08.04.2019 20:46:14] test 2
[08.04.2019 20:46:14] test 1
[08.04.2019 20:46:14] test 3
[08.04.2019 20:46:14] test 3
[08.04.2019 20:46:14] test 1
[08.04.2019 20:46:14] test 2
[08.04.2019 20:46:14] test 2
[08.04.2019 20:46:14] test 2
[08.04.2019 20:46:14] test 2
[08.04.2019 20:46:14] test 1
[08.04.2019 20:46:14] test 3
[08.04.2019 20:46:14] test 3
[08.04.2019 20:46:14] test 1
[08.04.2019 20:46:14] test 2
[08.04.2019 20:46:14] test 2
[08.04.2019 20:46:14] test 1
[08.04.2019 20:46:14] test 1
[08.04.2019 20:46:14] test 1
[08.04.2019 20:46:14] test 3
[08.04.2019 20:46:14] Load world: Worlds/world/world.struct
[08.04.2019 20:46:14] test 3
[08.04.2019 20:46:14] test 3
[08.04.2019 20:46:15] ***STOP_FUNCTION_MAIN***
[08.04.2019 20:46:15] test 3
[08.04.2019 21:10:21] ***START_FUNCTION_MAIN***
[08.04.2019 21:10:21] Load world: Worlds/world/world.struct
[08.04.2019 21:10:21] ***STOP_FUNCTION_MAIN***
[08.04.2019 21:16:50] ***START_FUNCTION_MAIN***
[08.04.2019 21:16:50] Load world: Worlds/world/world.struct
[08.04.2019 21:16:50] ***STOP_FUNCTION_MAIN***
[08.04.2019 21:27:57] ***START_FUNCTION_MAIN***
[08.04.2019 21:27:57] Save world: Worlds/world/world.struct
[08.04.2019 21:27:57] Save world: Worlds/world/Bots/0.list
[08.04.2019 21:27:57] ***STOP_FUNCTION_MAIN***
[08.04.2019 21:48:50] ***START_FUNCTION_MAIN***
[08.04.2019 21:48:50] Load world: Worlds/world/world.struct
[08.04.2019 21:48:50] ***STOP_FUNCTION_MAIN***
[08.04.2019 21:49:43] ***START_FUNCTION_MAIN***
[08.04.2019 21:49:43] Load world: Worlds/world/world.struct
[08.04.2019 21:49:43] ***STOP_FUNCTION_MAIN***
