[07.04.2019 22:47:13] ***START_FUNCTION_MAIN***
[07.04.2019 22:47:13] test 1
[07.04.2019 22:47:13] test 2
[07.04.2019 22:47:13] test 2
[07.04.2019 22:47:13] test 2
[07.04.2019 22:47:13] test 2
[07.04.2019 22:47:13] test 1
[07.04.2019 22:47:13] test 3
[07.04.2019 22:47:13] test 3
[07.04.2019 22:47:13] test 1
[07.04.2019 22:47:13] test 2
[07.04.2019 22:47:13] test 2
[07.04.2019 22:47:13] test 1
[07.04.2019 22:47:13] test 3
[07.04.2019 22:47:13] test 3
[07.04.2019 22:47:13] test 1
[07.04.2019 22:47:13] test 2
[07.04.2019 22:47:13] test 2
[07.04.2019 22:47:13] test 1
[07.04.2019 22:47:13] test 1
[07.04.2019 22:47:13] test 2
[07.04.2019 22:47:13] test 2
[07.04.2019 22:47:13] test 1
[07.04.2019 22:47:13] test 3
[07.04.2019 22:47:13] test 1
[07.04.2019 22:47:13] test 3
[07.04.2019 22:47:13] test 1
[07.04.2019 22:47:13] Save world: Worlds/world/world.struct
[07.04.2019 22:47:13] test 3
[07.04.2019 22:47:13] test 3
[07.04.2019 22:47:13] test 3
[07.04.2019 22:47:13] Save world: Worlds/world/Bots/0.list
[07.04.2019 22:47:13] test 3
[07.04.2019 22:47:13] ***STOP_FUNCTION_MAIN***
[07.04.2019 22:47:46] ***START_FUNCTION_MAIN***
[07.04.2019 22:47:46] test 1
[07.04.2019 22:47:46] test 1
[07.04.2019 22:47:46] test 3
[07.04.2019 22:47:46] test 2
[07.04.2019 22:47:46] test 1
[07.04.2019 22:47:46] test 3
[07.04.2019 22:47:46] test 2
[07.04.2019 22:47:46] test 1
[07.04.2019 22:47:46] test 3
[07.04.2019 22:47:46] test 2
[07.04.2019 22:47:46] test 1
[07.04.2019 22:47:46] test 3
[07.04.2019 22:47:46] test 2
[07.04.2019 22:47:47] test 1
[07.04.2019 22:47:47] test 3
[07.04.2019 22:47:47] test 2
[07.04.2019 22:47:47] test 1
[07.04.2019 22:47:47] test 3
[07.04.2019 22:47:47] test 2
[07.04.2019 22:47:47] test 1
[07.04.2019 22:47:47] test 3
[07.04.2019 22:47:47] test 2
[07.04.2019 22:47:47] test 1
[07.04.2019 22:47:47] test 3
[07.04.2019 22:47:47] test 2
[07.04.2019 22:47:47] test 2
[07.04.2019 22:47:47] test 3
[07.04.2019 22:47:47] test 1
[07.04.2019 22:47:47] test 2
[07.04.2019 22:47:47] test 3
[07.04.2019 22:47:47] Save world: Worlds/world/world.struct
[07.04.2019 22:47:47] Save world: Worlds/world/Bots/0.list
[07.04.2019 22:47:47] ***STOP_FUNCTION_MAIN***
[07.04.2019 22:48:12] ***START_FUNCTION_MAIN***
[07.04.2019 22:48:12] test 1
[07.04.2019 22:48:12] test 2
[07.04.2019 22:48:12] test 2
[07.04.2019 22:48:12] test 1
[07.04.2019 22:48:12] test 3
[07.04.2019 22:48:12] test 3
[07.04.2019 22:48:12] test 1
[07.04.2019 22:48:12] test 2
[07.04.2019 22:48:12] test 2
[07.04.2019 22:48:12] test 1
[07.04.2019 22:48:12] test 3
[07.04.2019 22:48:12] test 3
[07.04.2019 22:48:12] test 1
[07.04.2019 22:48:12] test 2
[07.04.2019 22:48:12] test 2
[07.04.2019 22:48:12] test 1
[07.04.2019 22:48:12] test 3
[07.04.2019 22:48:12] test 3
[07.04.2019 22:48:12] test 1
[07.04.2019 22:48:12] test 2
[07.04.2019 22:48:12] test 2
[07.04.2019 22:48:12] test 1
[07.04.2019 22:48:12] test 1
[07.04.2019 22:48:12] test 2
[07.04.2019 22:48:12] test 3
[07.04.2019 22:48:12] test 3
[07.04.2019 22:48:12] test 2
[07.04.2019 22:48:12] test 1
[07.04.2019 22:48:12] test 3
[07.04.2019 22:48:12] test 3
[07.04.2019 22:48:12] Save world: Worlds/world/world.struct
[07.04.2019 22:48:12] Save world: Worlds/world/Bots/0.list
[07.04.2019 22:48:12] ***STOP_FUNCTION_MAIN***
[07.04.2019 22:48:42] ***START_FUNCTION_MAIN***
[07.04.2019 22:48:42] test 1
[07.04.2019 22:48:42] test 2
[07.04.2019 22:48:42] test 3
[07.04.2019 22:48:42] test 1
[07.04.2019 22:48:42] test 2
[07.04.2019 22:48:42] test 3
[07.04.2019 22:48:42] test 1
[07.04.2019 22:48:42] test 2
[07.04.2019 22:48:42] test 3
[07.04.2019 22:48:42] test 1
[07.04.2019 22:48:42] test 2
[07.04.2019 22:48:42] test 3
[07.04.2019 22:48:42] test 1
[07.04.2019 22:48:42] test 2
[07.04.2019 22:48:42] test 3
[07.04.2019 22:48:42] test 1
[07.04.2019 22:48:42] test 2
[07.04.2019 22:48:42] test 3
[07.04.2019 22:48:42] test 1
[07.04.2019 22:48:42] test 2
[07.04.2019 22:48:42] test 3
[07.04.2019 22:48:42] test 1
[07.04.2019 22:48:42] test 2
[07.04.2019 22:48:42] test 3
[07.04.2019 22:48:42] test 3
[07.04.2019 22:48:42] test 2
[07.04.2019 22:48:42] test 1
[07.04.2019 22:48:42] test 3
[07.04.2019 22:48:42] test 2
[07.04.2019 22:48:42] test 1
[07.04.2019 22:48:42] Load world: Worlds/world/world.struct
[07.04.2019 22:48:42] ***STOP_FUNCTION_MAIN***
[07.04.2019 22:56:16] ***START_FUNCTION_MAIN***
[07.04.2019 22:56:16] test 2
[07.04.2019 22:56:16] test 1
[07.04.2019 22:56:16] test 1
[07.04.2019 22:56:16] test 2
[07.04.2019 22:56:16] test 3
[07.04.2019 22:56:16] test 3
[07.04.2019 22:56:16] test 2
[07.04.2019 22:56:16] test 1
[07.04.2019 22:56:16] test 1
[07.04.2019 22:56:16] test 2
[07.04.2019 22:56:16] test 3
[07.04.2019 22:56:16] test 3
[07.04.2019 22:56:16] test 2
[07.04.2019 22:56:16] test 1
[07.04.2019 22:56:16] test 1
[07.04.2019 22:56:16] test 2
[07.04.2019 22:56:16] test 3
[07.04.2019 22:56:16] test 3
[07.04.2019 22:56:16] test 2
[07.04.2019 22:56:16] test 1
[07.04.2019 22:56:16] test 1
[07.04.2019 22:56:16] test 2
[07.04.2019 22:56:16] test 3
[07.04.2019 22:56:16] test 3
[07.04.2019 22:56:16] test 2
[07.04.2019 22:56:16] test 1
[07.04.2019 22:56:16] test 1
[07.04.2019 22:56:16] test 2
[07.04.2019 22:56:16] test 3
[07.04.2019 22:56:16] Save world: Worlds/world/world.struct
[07.04.2019 22:56:16] test 3
[07.04.2019 22:56:16] Save world: Worlds/world/Bots/0.list
[07.04.2019 22:56:16] ***STOP_FUNCTION_MAIN***
[07.04.2019 22:56:47] ***START_FUNCTION_MAIN***
[07.04.2019 22:56:47] test 2
[07.04.2019 22:56:47] test 1
[07.04.2019 22:56:47] test 3
[07.04.2019 22:56:47] test 2
[07.04.2019 22:56:47] test 1
[07.04.2019 22:56:47] test 3
[07.04.2019 22:56:47] test 2
[07.04.2019 22:56:47] test 1
[07.04.2019 22:56:47] test 3
[07.04.2019 22:56:47] test 3
[07.04.2019 22:56:47] test 1
[07.04.2019 22:56:47] test 2
[07.04.2019 22:56:47] test 3
[07.04.2019 22:56:47] test 1
[07.04.2019 22:56:47] test 2
[07.04.2019 22:56:47] test 3
[07.04.2019 22:56:48] test 1
[07.04.2019 22:56:48] test 2
[07.04.2019 22:56:48] test 3
[07.04.2019 22:56:48] test 3
[07.04.2019 22:56:48] test 3
[07.04.2019 22:56:48] test 1
[07.04.2019 22:56:48] test 2
[07.04.2019 22:56:48] test 3
[07.04.2019 22:56:48] test 1
[07.04.2019 22:56:48] test 1
[07.04.2019 22:56:48] test 1
[07.04.2019 22:56:48] test 2
[07.04.2019 22:56:48] test 2
[07.04.2019 22:56:48] test 2
[07.04.2019 22:56:48] Save world: Worlds/world/world.struct
[07.04.2019 22:56:48] Save world: Worlds/world/Bots/0.list
[07.04.2019 22:56:48] ***STOP_FUNCTION_MAIN***
[07.04.2019 22:57:00] ***START_FUNCTION_MAIN***
[07.04.2019 22:57:00] test 2
[07.04.2019 22:57:00] test 1
[07.04.2019 22:57:00] test 1
[07.04.2019 22:57:00] test 1
[07.04.2019 22:57:00] test 1
[07.04.2019 22:57:00] test 2
[07.04.2019 22:57:00] test 3
[07.04.2019 22:57:00] test 3
[07.04.2019 22:57:00] test 2
[07.04.2019 22:57:00] test 1
[07.04.2019 22:57:00] test 1
[07.04.2019 22:57:00] test 2
[07.04.2019 22:57:00] test 3
[07.04.2019 22:57:00] test 3
[07.04.2019 22:57:00] test 2
[07.04.2019 22:57:00] test 1
[07.04.2019 22:57:00] test 1
[07.04.2019 22:57:00] test 2
[07.04.2019 22:57:00] test 3
[07.04.2019 22:57:00] test 3
[07.04.2019 22:57:00] test 2
[07.04.2019 22:57:00] test 1
[07.04.2019 22:57:00] test 1
[07.04.2019 22:57:00] test 2
[07.04.2019 22:57:00] test 3
[07.04.2019 22:57:00] test 3
[07.04.2019 22:57:00] test 2
[07.04.2019 22:57:00] test 2
[07.04.2019 22:57:00] test 3
[07.04.2019 22:57:00] test 3
[07.04.2019 22:57:00] Save world: Worlds/world/world.struct
[07.04.2019 22:57:00] Save world: Worlds/world/Bots/0.list
[07.04.2019 22:57:01] ***STOP_FUNCTION_MAIN***
[07.04.2019 23:00:24] ***START_FUNCTION_MAIN***
[07.04.2019 23:00:24] test 2
[07.04.2019 23:00:24] test 1
[07.04.2019 23:00:24] test 3
[07.04.2019 23:00:24] test 3
[07.04.2019 23:00:24] test 1
[07.04.2019 23:00:24] test 2
[07.04.2019 23:00:24] test 3
[07.04.2019 23:00:24] test 1
[07.04.2019 23:00:24] test 2
[07.04.2019 23:00:24] test 3
[07.04.2019 23:00:24] test 1
[07.04.2019 23:00:24] test 2
[07.04.2019 23:00:24] test 3
[07.04.2019 23:00:24] test 1
[07.04.2019 23:00:24] test 2
[07.04.2019 23:00:24] test 3
[07.04.2019 23:00:24] test 1
[07.04.2019 23:00:24] test 2
[07.04.2019 23:00:24] test 3
[07.04.2019 23:00:24] test 1
[07.04.2019 23:00:24] test 2
[07.04.2019 23:00:24] test 3
[07.04.2019 23:00:24] test 1
[07.04.2019 23:00:24] test 1
[07.04.2019 23:00:24] test 3
[07.04.2019 23:00:24] test 2
[07.04.2019 23:00:24] test 1
[07.04.2019 23:00:24] test 3
[07.04.2019 23:00:24] test 2
[07.04.2019 23:00:24] test 2
[07.04.2019 23:00:24] Save world: Worlds/world/world.struct
[07.04.2019 23:00:24] Save world: Worlds/world/Bots/0.list
[07.04.2019 23:00:24] ***STOP_FUNCTION_MAIN***
[07.04.2019 23:01:16] ***START_FUNCTION_MAIN***
[07.04.2019 23:01:16] test 1
[07.04.2019 23:01:16] test 3
[07.04.2019 23:01:16] test 2
[07.04.2019 23:01:16] test 1
[07.04.2019 23:01:16] test 3
[07.04.2019 23:01:16] test 2
[07.04.2019 23:01:16] test 1
[07.04.2019 23:01:16] test 3
[07.04.2019 23:01:16] test 2
[07.04.2019 23:01:16] test 1
[07.04.2019 23:01:16] test 3
[07.04.2019 23:01:16] test 2
[07.04.2019 23:01:16] test 1
[07.04.2019 23:01:16] test 3
[07.04.2019 23:01:16] test 2
[07.04.2019 23:01:16] test 1
[07.04.2019 23:01:16] test 1
[07.04.2019 23:01:16] test 2
[07.04.2019 23:01:16] test 3
[07.04.2019 23:01:16] test 1
[07.04.2019 23:01:16] test 1
[07.04.2019 23:01:16] test 1
[07.04.2019 23:01:16] test 2
[07.04.2019 23:01:16] test 2
[07.04.2019 23:01:16] test 3
[07.04.2019 23:01:16] test 2
[07.04.2019 23:01:16] test 2
[07.04.2019 23:01:16] test 3
[07.04.2019 23:01:16] Load world: Worlds/world/world.struct
[07.04.2019 23:01:16] test 3
[07.04.2019 23:01:16] ***STOP_FUNCTION_MAIN***
[07.04.2019 23:01:16] test 3
