[09.04.2019 19:38:46] ***START_FUNCTION_MAIN***
[09.04.2019 19:38:46] Save world: Worlds/world/world.struct
[09.04.2019 19:38:46] Save world: Worlds/world/Bots/0.list
[09.04.2019 19:38:46] ***STOP_FUNCTION_MAIN***
[09.04.2019 19:39:31] ***START_FUNCTION_MAIN***
[09.04.2019 19:39:31] Load world: Worlds/world/world.struct
[09.04.2019 19:39:31] ***STOP_FUNCTION_MAIN***
[09.04.2019 19:39:58] ***START_FUNCTION_MAIN***
[09.04.2019 19:39:58] Save world: Worlds/world/world.struct
[09.04.2019 19:39:58] Save world: Worlds/world/Bots/0.list
[09.04.2019 19:39:58] ***STOP_FUNCTION_MAIN***
[09.04.2019 19:40:40] ***START_FUNCTION_MAIN***
[09.04.2019 19:40:40] Load world: Worlds/world/world.struct
[09.04.2019 19:40:40] ***STOP_FUNCTION_MAIN***
[09.04.2019 19:44:05] ***START_FUNCTION_MAIN***
[09.04.2019 19:44:05] Load world: Worlds/world/world.struct
[09.04.2019 19:44:05] ***STOP_FUNCTION_MAIN***
[09.04.2019 19:45:38] ***START_FUNCTION_MAIN***
[09.04.2019 19:45:38] Save world: Worlds/world/world.struct
[09.04.2019 19:45:38] Save world: Worlds/world/Bots/0.list
[09.04.2019 19:45:38] ***STOP_FUNCTION_MAIN***
[09.04.2019 19:46:37] ***START_FUNCTION_MAIN***
[09.04.2019 19:46:37] Save world: Worlds/world/world.struct
[09.04.2019 19:46:37] Save world: Worlds/world/Bots/0.list
[09.04.2019 19:46:37] ***STOP_FUNCTION_MAIN***
[09.04.2019 19:50:29] ***START_FUNCTION_MAIN***
[09.04.2019 19:50:29] Save world: Worlds/world/world.struct
[09.04.2019 19:50:29] Save world: Worlds/world/Bots/0.list
[09.04.2019 19:50:29] ***STOP_FUNCTION_MAIN***
[09.04.2019 19:52:43] ***START_FUNCTION_MAIN***
[09.04.2019 19:52:43] Save world: Worlds/world/world.struct
[09.04.2019 19:52:43] Save world: Worlds/world/Bots/0.list
[09.04.2019 19:52:43] ***STOP_FUNCTION_MAIN***
[09.04.2019 19:53:10] ***START_FUNCTION_MAIN***
[09.04.2019 19:53:10] Save world: Worlds/world/world.struct
[09.04.2019 19:53:10] Save world: Worlds/world/Bots/0.list
[09.04.2019 19:53:10] ***STOP_FUNCTION_MAIN***
[09.04.2019 19:53:24] ***START_FUNCTION_MAIN***
[09.04.2019 19:53:24] Save world: Worlds/world/world.struct
[09.04.2019 19:53:24] Save world: Worlds/world/Bots/0.list
[09.04.2019 19:53:24] ***STOP_FUNCTION_MAIN***
[09.04.2019 19:53:44] ***START_FUNCTION_MAIN***
[09.04.2019 19:53:44] Save world: Worlds/world/world.struct
[09.04.2019 19:53:44] Save world: Worlds/world/Bots/0.list
[09.04.2019 19:53:44] ***STOP_FUNCTION_MAIN***
[09.04.2019 19:53:57] ***START_FUNCTION_MAIN***
[09.04.2019 19:53:57] Save world: Worlds/world/world.struct
[09.04.2019 19:53:57] Save world: Worlds/world/Bots/0.list
[09.04.2019 19:53:57] ***STOP_FUNCTION_MAIN***
[09.04.2019 19:54:43] ***START_FUNCTION_MAIN***
[09.04.2019 19:54:43] Save world: Worlds/world/world.struct
[09.04.2019 19:54:43] Save world: Worlds/world/Bots/0.list
[09.04.2019 19:54:43] ***STOP_FUNCTION_MAIN***
[09.04.2019 19:55:19] ***START_FUNCTION_MAIN***
[09.04.2019 19:55:19] Save world: Worlds/world/world.struct
[09.04.2019 19:55:19] Save world: Worlds/world/Bots/0.list
[09.04.2019 19:55:19] ***STOP_FUNCTION_MAIN***
[09.04.2019 19:55:35] ***START_FUNCTION_MAIN***
[09.04.2019 19:55:35] Save world: Worlds/world/world.struct
[09.04.2019 19:55:35] Save world: Worlds/world/Bots/0.list
[09.04.2019 19:55:35] ***STOP_FUNCTION_MAIN***
[09.04.2019 19:55:56] ***START_FUNCTION_MAIN***
[09.04.2019 19:55:56] Save world: Worlds/world/world.struct
[09.04.2019 19:55:56] Save world: Worlds/world/Bots/0.list
[09.04.2019 19:55:56] ***STOP_FUNCTION_MAIN***
[09.04.2019 19:56:18] ***START_FUNCTION_MAIN***
[09.04.2019 19:56:18] Save world: Worlds/world/world.struct
[09.04.2019 19:56:18] Save world: Worlds/world/Bots/0.list
[09.04.2019 19:56:18] ***STOP_FUNCTION_MAIN***
[09.04.2019 19:56:33] ***START_FUNCTION_MAIN***
[09.04.2019 19:56:33] Save world: Worlds/world/world.struct
[09.04.2019 19:56:33] Save world: Worlds/world/Bots/0.list
[09.04.2019 19:56:33] ***STOP_FUNCTION_MAIN***
[09.04.2019 19:56:42] ***START_FUNCTION_MAIN***
[09.04.2019 19:56:42] Save world: Worlds/world/world.struct
[09.04.2019 19:56:42] Save world: Worlds/world/Bots/0.list
[09.04.2019 19:56:42] ***STOP_FUNCTION_MAIN***
[09.04.2019 19:58:04] ***START_FUNCTION_MAIN***
[09.04.2019 19:58:04] Save world: Worlds/world/world.struct
[09.04.2019 19:58:04] Save world: Worlds/world/Bots/0.list
[09.04.2019 19:58:04] ***STOP_FUNCTION_MAIN***
[09.04.2019 19:58:09] ***START_FUNCTION_MAIN***
[09.04.2019 19:58:09] Save world: Worlds/world/world.struct
[09.04.2019 19:58:09] Save world: Worlds/world/Bots/0.list
[09.04.2019 19:58:09] ***STOP_FUNCTION_MAIN***
[09.04.2019 19:58:25] ***START_FUNCTION_MAIN***
[09.04.2019 19:58:25] Load world: Worlds/world/world.struct
[09.04.2019 19:58:25] ***STOP_FUNCTION_MAIN***
[09.04.2019 19:59:21] ***START_FUNCTION_MAIN***
[09.04.2019 19:59:21] Load world: Worlds/world/world.struct
[09.04.2019 19:59:21] ***STOP_FUNCTION_MAIN***
[09.04.2019 20:01:07] ***START_FUNCTION_MAIN***
[09.04.2019 20:01:07] Save world: Worlds/world/world.struct
[09.04.2019 20:01:07] Save world: Worlds/world/Bots/0.list
[09.04.2019 20:01:07] ***STOP_FUNCTION_MAIN***
[09.04.2019 20:01:27] ***START_FUNCTION_MAIN***
[09.04.2019 20:01:27] Save world: Worlds/world/world.struct
[09.04.2019 20:01:27] Save world: Worlds/world/Bots/0.list
[09.04.2019 20:01:27] ***STOP_FUNCTION_MAIN***
[09.04.2019 20:03:54] ***START_FUNCTION_MAIN***
[09.04.2019 20:03:54] Load world: Worlds/world/world.struct
[09.04.2019 20:03:54] ***STOP_FUNCTION_MAIN***
[09.04.2019 20:04:19] ***START_FUNCTION_MAIN***
[09.04.2019 20:04:19] Load world: Worlds/world/world.struct
[09.04.2019 20:13:11] ***START_FUNCTION_MAIN***
[09.04.2019 20:13:11] Load world: Worlds/world/world.struct
[09.04.2019 20:13:40] ***START_FUNCTION_MAIN***
[09.04.2019 20:13:40] Save world: Worlds/world/world.struct
[09.04.2019 20:13:40] Save world: Worlds/world/Bots/0.list
[09.04.2019 20:13:40] ***STOP_FUNCTION_MAIN***
[09.04.2019 20:14:03] ***START_FUNCTION_MAIN***
[09.04.2019 20:14:03] Load world: Worlds/world/world.struct
[09.04.2019 20:15:32] ***START_FUNCTION_MAIN***
[09.04.2019 20:15:32] Load world: Worlds/world/world.struct
[09.04.2019 20:17:42] ***START_FUNCTION_MAIN***
[09.04.2019 20:17:42] Save world: Worlds/world/world.struct
[09.04.2019 20:17:42] Save world: Worlds/world/Bots/0.list
[09.04.2019 20:17:42] ***STOP_FUNCTION_MAIN***
[09.04.2019 20:20:56] ***START_FUNCTION_MAIN***
[09.04.2019 20:20:56] Load world: Worlds/world/world.struct
[09.04.2019 20:22:07] ***START_FUNCTION_MAIN***
[09.04.2019 20:22:07] Load world: Worlds/world/world.struct
[09.04.2019 20:23:55] ***START_FUNCTION_MAIN***
[09.04.2019 20:23:55] Load world: Worlds/world/world.struct
[09.04.2019 20:27:46] ***START_FUNCTION_MAIN***
[09.04.2019 20:27:46] Load world: Worlds/world/world.struct
[09.04.2019 20:28:04] ***START_FUNCTION_MAIN***
[09.04.2019 20:28:04] Load world: Worlds/world/world.struct
[09.04.2019 20:28:23] ***START_FUNCTION_MAIN***
[09.04.2019 20:28:23] Load world: Worlds/world/world.struct
[09.04.2019 20:28:50] ***START_FUNCTION_MAIN***
[09.04.2019 20:28:50] Load world: Worlds/world/world.struct
[09.04.2019 20:29:23] ***START_FUNCTION_MAIN***
[09.04.2019 20:29:23] Load world: Worlds/world/world.struct
[09.04.2019 20:29:23] ***STOP_FUNCTION_MAIN***
[09.04.2019 20:53:14] ***START_FUNCTION_MAIN***
[09.04.2019 20:53:14] Load world: Worlds/world/world.struct
[09.04.2019 20:53:14] ***STOP_FUNCTION_MAIN***
[09.04.2019 20:53:59] ***START_FUNCTION_MAIN***
[09.04.2019 20:53:59] Load world: Worlds/world/world.struct
[09.04.2019 20:53:59] ***STOP_FUNCTION_MAIN***
[09.04.2019 20:54:42] ***START_FUNCTION_MAIN***
[09.04.2019 20:54:42] Load world: Worlds/world/world.struct
[09.04.2019 20:54:42] ***STOP_FUNCTION_MAIN***
[09.04.2019 22:36:46] ***START_FUNCTION_MAIN***
[09.04.2019 22:36:46] Load world: Worlds/world/world.struct
[09.04.2019 22:36:46] ***STOP_FUNCTION_MAIN***
[09.04.2019 22:37:54] ***START_FUNCTION_MAIN***
[09.04.2019 22:37:54] Load world: Worlds/world/world.struct
[09.04.2019 22:37:54] ***STOP_FUNCTION_MAIN***
[09.04.2019 22:38:19] ***START_FUNCTION_MAIN***
[09.04.2019 22:38:19] Load world: Worlds/world/world.struct
[09.04.2019 22:38:19] ***STOP_FUNCTION_MAIN***
[09.04.2019 22:39:08] ***START_FUNCTION_MAIN***
[09.04.2019 22:39:08] Load world: Worlds/world/world.struct
[09.04.2019 22:39:08] ***STOP_FUNCTION_MAIN***
[09.04.2019 22:39:26] ***START_FUNCTION_MAIN***
[09.04.2019 22:39:26] Load world: Worlds/world/world.struct
[09.04.2019 22:39:26] ***STOP_FUNCTION_MAIN***
[09.04.2019 22:39:47] ***START_FUNCTION_MAIN***
[09.04.2019 22:39:47] Load world: Worlds/world/world.struct
[09.04.2019 22:39:47] ***STOP_FUNCTION_MAIN***
[09.04.2019 22:40:27] ***START_FUNCTION_MAIN***
[09.04.2019 22:40:27] Load world: Worlds/world/world.struct
[09.04.2019 22:40:27] ***STOP_FUNCTION_MAIN***
[09.04.2019 22:40:52] ***START_FUNCTION_MAIN***
[09.04.2019 22:40:52] Load world: Worlds/world/world.struct
[09.04.2019 22:40:52] ***STOP_FUNCTION_MAIN***
[09.04.2019 22:42:30] ***START_FUNCTION_MAIN***
[09.04.2019 22:42:30] Load world: Worlds/world/world.struct
[09.04.2019 22:42:30] ***STOP_FUNCTION_MAIN***
[09.04.2019 22:43:22] ***START_FUNCTION_MAIN***
[09.04.2019 22:43:22] Load world: Worlds/world/world.struct
[09.04.2019 22:43:22] ***STOP_FUNCTION_MAIN***
[09.04.2019 22:43:45] ***START_FUNCTION_MAIN***
[09.04.2019 22:43:45] Load world: Worlds/world/world.struct
[09.04.2019 22:43:45] ***STOP_FUNCTION_MAIN***
[09.04.2019 22:45:29] ***START_FUNCTION_MAIN***
[09.04.2019 22:45:29] Load world: Worlds/world/world.struct
[09.04.2019 22:45:29] ***STOP_FUNCTION_MAIN***
[09.04.2019 22:45:32] ***START_FUNCTION_MAIN***
[09.04.2019 22:45:32] Load world: Worlds/world/world.struct
[09.04.2019 22:45:32] ***STOP_FUNCTION_MAIN***
[09.04.2019 22:48:49] ***START_FUNCTION_MAIN***
[09.04.2019 22:48:49] Load world: Worlds/world/world.struct
[09.04.2019 22:48:49] ***STOP_FUNCTION_MAIN***
[09.04.2019 22:50:00] ***START_FUNCTION_MAIN***
[09.04.2019 22:50:00] Load world: Worlds/world/world.struct
[09.04.2019 22:50:00] ***STOP_FUNCTION_MAIN***
[09.04.2019 22:50:22] ***START_FUNCTION_MAIN***
[09.04.2019 22:50:22] Load world: Worlds/world/world.struct
[09.04.2019 22:50:22] ***STOP_FUNCTION_MAIN***
[09.04.2019 22:51:02] ***START_FUNCTION_MAIN***
[09.04.2019 22:51:02] Load world: Worlds/world/world.struct
[09.04.2019 22:51:02] ***STOP_FUNCTION_MAIN***
[09.04.2019 22:51:44] ***START_FUNCTION_MAIN***
[09.04.2019 22:51:44] Load world: Worlds/world/world.struct
[09.04.2019 22:51:44] ***STOP_FUNCTION_MAIN***
[09.04.2019 22:52:35] ***START_FUNCTION_MAIN***
[09.04.2019 22:52:35] Load world: Worlds/world/world.struct
[09.04.2019 22:52:35] ***STOP_FUNCTION_MAIN***
[09.04.2019 22:52:48] ***START_FUNCTION_MAIN***
[09.04.2019 22:52:48] Load world: Worlds/world/world.struct
[09.04.2019 22:52:48] ***STOP_FUNCTION_MAIN***
